# JRE version: OpenJDK Runtime Environment (11.0.13) (build 11.0.13+0-b1751.21-8125866)
# Java VM: OpenJDK 64-Bit Server VM (11.0.13+0-b1751.21-8125866, mixed mode, tiered, compressed oops, g1 gc, windows-amd64)
Heap:
 garbage-first heap   total 260096K, used 211610K [0x0000000080000000, 0x0000000100000000)
  region size 1024K, 90 young (92160K), 8 survivors (8192K)
 Metaspace       used 143780K, capacity 149295K, committed 149364K, reserved 1179648K
  class space    used 17104K, capacity 19048K, committed 19072K, reserved 1048576K
GC Heap History (20 events):
Event: 16834.578 GC heap before
{Heap before GC invocations=297 (full 0):
 garbage-first heap   total 260096K, used 126320K [0x0000000080000000, 0x0000000100000000)
  region size 1024K, 15 young (15360K), 1 survivors (1024K)
 Metaspace       used 143633K, capacity 149188K, committed 149364K, reserved 1179648K
  class space    used 17088K, capacity 19021K, committed 19072K, reserved 1048576K
}
Event: 16834.585 GC heap after
{Heap after GC invocations=298 (full 0):
 garbage-first heap   total 260096K, used 114095K [0x0000000080000000, 0x0000000100000000)
  region size 1024K, 1 young (1024K), 1 survivors (1024K)
 Metaspace       used 143633K, capacity 149188K, committed 149364K, reserved 1179648K
  class space    used 17088K, capacity 19021K, committed 19072K, reserved 1048576K
}
Event: 16996.571 GC heap before
{Heap before GC invocations=299 (full 0):
 garbage-first heap   total 260096K, used 222639K [0x0000000080000000, 0x0000000100000000)
  region size 1024K, 97 young (99328K), 1 survivors (1024K)
 Metaspace       used 143654K, capacity 149188K, committed 149364K, reserved 1179648K
  class space    used 17088K, capacity 19021K, committed 19072K, reserved 1048576K
}
Event: 16996.579 GC heap after
{Heap after GC invocations=300 (full 0):
 garbage-first heap   total 260096K, used 122043K [0x0000000080000000, 0x0000000100000000)
  region size 1024K, 9 young (9216K), 9 survivors (9216K)
 Metaspace       used 143654K, capacity 149188K, committed 149364K, reserved 1179648K
  class space    used 17088K, capacity 19021K, committed 19072K, reserved 1048576K
}
Event: 16996.590 GC heap before
{Heap before GC invocations=300 (full 0):
 garbage-first heap   total 260096K, used 125115K [0x0000000080000000, 0x0000000100000000)
  region size 1024K, 12 young (12288K), 9 survivors (9216K)
 Metaspace       used 143654K, capacity 149188K, committed 149364K, reserved 1179648K
  class space    used 17088K, capacity 19021K, committed 19072K, reserved 1048576K
}
Event: 16996.601 GC heap after
{Heap after GC invocations=301 (full 0):
 garbage-first heap   total 260096K, used 115681K [0x0000000080000000, 0x0000000100000000)
  region size 1024K, 1 young (1024K), 1 survivors (1024K)
 Metaspace       used 143654K, capacity 149188K, committed 149364K, reserved 1179648K
  class space    used 17088K, capacity 19021K, committed 19072K, reserved 1048576K
}
Event: 16996.652 GC heap before
{Heap before GC invocations=301 (full 0):
 garbage-first heap   total 260096K, used 124897K [0x0000000080000000, 0x0000000100000000)
  region size 1024K, 12 young (12288K), 1 survivors (1024K)
 Metaspace       used 143654K, capacity 149188K, committed 149364K, reserved 1179648K
  class space    used 17088K, capacity 19021K, committed 19072K, reserved 1048576K
}
Event: 16996.660 GC heap after
{Heap after GC invocations=302 (full 0):
 garbage-first heap   total 260096K, used 115668K [0x0000000080000000, 0x0000000100000000)
  region size 1024K, 1 young (1024K), 1 survivors (1024K)
 Metaspace       used 143654K, capacity 149188K, committed 149364K, reserved 1179648K
  class space    used 17088K, capacity 19021K, committed 19072K, reserved 1048576K
}
Event: 17142.292 GC heap before
{Heap before GC invocations=303 (full 0):
 garbage-first heap   total 260096K, used 224212K [0x0000000080000000, 0x0000000100000000)
  region size 1024K, 97 young (99328K), 1 survivors (1024K)
 Metaspace       used 143665K, capacity 149192K, committed 149364K, reserved 1179648K
  class space    used 17088K, capacity 19021K, committed 19072K, reserved 1048576K
}
Event: 17142.308 GC heap after
{Heap after GC invocations=304 (full 0):
 garbage-first heap   total 260096K, used 123704K [0x0000000080000000, 0x0000000100000000)
  region size 1024K, 9 young (9216K), 9 survivors (9216K)
 Metaspace       used 143665K, capacity 149192K, committed 149364K, reserved 1179648K
  class space    used 17088K, capacity 19021K, committed 19072K, reserved 1048576K
}
Event: 17142.324 GC heap before
{Heap before GC invocations=304 (full 0):
 garbage-first heap   total 260096K, used 126776K [0x0000000080000000, 0x0000000100000000)
  region size 1024K, 12 young (12288K), 9 survivors (9216K)
 Metaspace       used 143665K, capacity 149192K, committed 149364K, reserved 1179648K
  class space    used 17088K, capacity 19021K, committed 19072K, reserved 1048576K
}
Event: 17142.337 GC heap after
{Heap after GC invocations=305 (full 0):
 garbage-first heap   total 260096K, used 116501K [0x0000000080000000, 0x0000000100000000)
  region size 1024K, 1 young (1024K), 1 survivors (1024K)
 Metaspace       used 143665K, capacity 149192K, committed 149364K, reserved 1179648K
  class space    used 17088K, capacity 19021K, committed 19072K, reserved 1048576K
}
Event: 17142.415 GC heap before
{Heap before GC invocations=305 (full 0):
 garbage-first heap   total 260096K, used 126741K [0x0000000080000000, 0x0000000100000000)
  region size 1024K, 13 young (13312K), 1 survivors (1024K)
 Metaspace       used 143665K, capacity 149192K, committed 149364K, reserved 1179648K
  class space    used 17088K, capacity 19021K, committed 19072K, reserved 1048576K
}
Event: 17142.427 GC heap after
{Heap after GC invocations=306 (full 0):
 garbage-first heap   total 260096K, used 116796K [0x0000000080000000, 0x0000000100000000)
  region size 1024K, 1 young (1024K), 1 survivors (1024K)
 Metaspace       used 143665K, capacity 149192K, committed 149364K, reserved 1179648K
  class space    used 17088K, capacity 19021K, committed 19072K, reserved 1048576K
}
Event: 17343.837 GC heap before
{Heap before GC invocations=307 (full 0):
 garbage-first heap   total 260096K, used 226364K [0x0000000080000000, 0x0000000100000000)
  region size 1024K, 98 young (100352K), 1 survivors (1024K)
 Metaspace       used 143683K, capacity 149193K, committed 149364K, reserved 1179648K
  class space    used 17088K, capacity 19021K, committed 19072K, reserved 1048576K
}
Event: 17343.845 GC heap after
{Heap after GC invocations=308 (full 0):
 garbage-first heap   total 260096K, used 118220K [0x0000000080000000, 0x0000000100000000)
  region size 1024K, 2 young (2048K), 2 survivors (2048K)
 Metaspace       used 143683K, capacity 149193K, committed 149364K, reserved 1179648K
  class space    used 17088K, capacity 19021K, committed 19072K, reserved 1048576K
}
Event: 17343.873 GC heap before
{Heap before GC invocations=308 (full 0):
 garbage-first heap   total 260096K, used 127436K [0x0000000080000000, 0x0000000100000000)
  region size 1024K, 12 young (12288K), 2 survivors (2048K)
 Metaspace       used 143683K, capacity 149193K, committed 149364K, reserved 1179648K
  class space    used 17088K, capacity 19021K, committed 19072K, reserved 1048576K
}
Event: 17343.881 GC heap after
{Heap after GC invocations=309 (full 0):
 garbage-first heap   total 260096K, used 111705K [0x0000000080000000, 0x0000000100000000)
  region size 1024K, 1 young (1024K), 1 survivors (1024K)
 Metaspace       used 143683K, capacity 149193K, committed 149364K, reserved 1179648K
  class space    used 17088K, capacity 19021K, committed 19072K, reserved 1048576K
}
Event: 17345.855 GC heap before
{Heap before GC invocations=309 (full 0):
 garbage-first heap   total 260096K, used 191577K [0x0000000080000000, 0x0000000100000000)
  region size 1024K, 81 young (82944K), 1 survivors (1024K)
 Metaspace       used 143700K, capacity 149193K, committed 149364K, reserved 1179648K
  class space    used 17088K, capacity 19021K, committed 19072K, reserved 1048576K
}
Event: 17345.874 GC heap after
{Heap after GC invocations=310 (full 0):
 garbage-first heap   total 260096K, used 118426K [0x0000000080000000, 0x0000000100000000)
  region size 1024K, 8 young (8192K), 8 survivors (8192K)
 Metaspace       used 143700K, capacity 149193K, committed 149364K, reserved 1179648K
  class space    used 17088K, capacity 19021K, committed 19072K, reserved 1048576K
}

